<?xml version="1.0" encoding="UTF-8"?>
<!-- Generated by org.testng.reporters.JUnitReportReporter -->
<testsuite hostname="User-PC" name="Sample.ChipherList" tests="1" failures="0" timestamp="20 Mar 2016 17:31:15 GMT" time="21.444" errors="0">
  <testcase name="ListofChipher" time="21.444" classname="Sample.ChipherList"/>
</testsuite> <!-- Sample.ChipherList -->
