<?xml version="1.0" encoding="UTF-8"?>
<!-- Generated by org.testng.reporters.JUnitReportReporter -->
<testsuite hostname="PJAYABALAN1-LT" name="Sample.Palindrome" tests="3" failures="0" timestamp="28 Feb 2016 10:58:41 GMT" time="0.031" errors="0">
  <testcase name="test" time="0.000" classname="Sample.Palindrome"/>
  <testcase name="dependsonmethodtest" time="0.031" classname="Sample.Palindrome"/>
  <testcase name="palindromne" time="0.000" classname="Sample.Palindrome"/>
</testsuite> <!-- Sample.Palindrome -->
