<?xml version="1.0" encoding="UTF-8"?>
<!-- Generated by org.testng.reporters.JUnitReportReporter -->
<testsuite hostname="PJAYABALAN1-LT" name="Sample.Dnsstuff_Text_command" tests="1" failures="0" timestamp="28 Feb 2016 09:04:23 GMT" time="184.099" errors="0">
  <testcase name="Dnsreport" time="184.099" classname="Sample.Dnsstuff_Text_command"/>
</testsuite> <!-- Sample.Dnsstuff_Text_command -->
