<?xml version="1.0" encoding="UTF-8"?>
<!-- Generated by org.testng.reporters.JUnitReportReporter -->
<testsuite hostname="PJAYABALAN1-LT" name="Sample.Testngtest" tests="2" failures="0" timestamp="28 Feb 2016 04:45:50 GMT" time="0.015" errors="0">
  <testcase name="verifyData1" time="0.015" classname="Sample.Testngtest"/>
  <testcase name="verifyData1" time="0.000" classname="Sample.Testngtest"/>
</testsuite> <!-- Sample.Testngtest -->
