<?xml version="1.0" encoding="UTF-8"?>
<!-- Generated by org.testng.reporters.JUnitReportReporter -->
<testsuite hostname="PJAYABALAN1-LT" name="Sample.praba" tests="3" failures="0" timestamp="28 Feb 2016 03:20:07 GMT" time="0.000" errors="0">
  <testcase name="lovaba" time="0.000" classname="Sample.praba"/>
  <testcase name="verifyData1" time="0.000" classname="Sample.praba"/>
  <testcase name="verifyData1" time="0.000" classname="Sample.praba"/>
</testsuite> <!-- Sample.praba -->
