<?xml version="1.0" encoding="UTF-8"?>
<!-- Generated by org.testng.reporters.JUnitReportReporter -->
<testsuite hostname="PJAYABALAN1-LT" name="Sample.Dataprovidersample" tests="2" failures="0" timestamp="28 Feb 2016 10:58:41 GMT" time="0.031" errors="0">
  <testcase name="verifyData1" time="0.000" classname="Sample.Dataprovidersample"/>
  <testcase name="verifyData1" time="0.031" classname="Sample.Dataprovidersample"/>
</testsuite> <!-- Sample.Dataprovidersample -->
