<?xml version="1.0" encoding="UTF-8"?>
<!-- Generated by org.testng.reporters.JUnitReportReporter -->
<testsuite hostname="PJAYABALAN1-LT" name="Sample.Parameter" tests="1" failures="0" timestamp="28 Feb 2016 10:58:41 GMT" time="0.000" errors="0">
  <testcase name="lovaba" time="0.000" classname="Sample.Parameter"/>
</testsuite> <!-- Sample.Parameter -->
