<?xml version="1.0" encoding="UTF-8"?>
<!-- Generated by org.testng.reporters.JUnitReportReporter -->
<testsuite hostname="PJAYABALAN1-LT" name="Sample.Frame_switchs" tests="1" failures="0" timestamp="28 Feb 2016 17:40:04 GMT" time="46.743" errors="0">
  <testcase name="frameSelect" time="46.743" classname="Sample.Frame_switchs"/>
</testsuite> <!-- Sample.Frame_switchs -->
