<?xml version="1.0" encoding="UTF-8"?>
<!-- Generated by org.testng.reporters.JUnitReportReporter -->
<testsuite hostname="User-PC" name="Sample.DNS_whois" tests="1" failures="0" timestamp="20 Mar 2016 17:28:01 GMT" time="16.730" errors="0">
  <testcase name="whoistool" time="16.730" classname="Sample.DNS_whois"/>
</testsuite> <!-- Sample.DNS_whois -->
