<?xml version="1.0" encoding="UTF-8"?>
<!-- Generated by org.testng.reporters.JUnitReportReporter -->
<testsuite hostname="PJAYABALAN1-LT" name="Sample.ToolTip" tests="1" failures="0" timestamp="29 Feb 2016 16:54:21 GMT" time="55.229" errors="0">
  <testcase name="Tooltiptest" time="55.229" classname="Sample.ToolTip"/>
</testsuite> <!-- Sample.ToolTip -->
