<?xml version="1.0" encoding="UTF-8"?>
<!-- Generated by org.testng.reporters.JUnitReportReporter -->
<testsuite hostname="PJAYABALAN1-LT" name="Sample.DNSLooup_dropdown" tests="1" failures="0" timestamp="28 Feb 2016 14:17:15 GMT" time="111.419" errors="0">
  <testcase name="LoopupRecord" time="111.419" classname="Sample.DNSLooup_dropdown"/>
</testsuite> <!-- Sample.DNSLooup_dropdown -->
