<?xml version="1.0" encoding="UTF-8"?>
<!-- Generated by org.testng.reporters.JUnitReportReporter -->
<testsuite hostname="PJAYABALAN1-LT" name="Automation_framework.EOC_Add_Solarwinds_Server" tests="1" failures="0" timestamp="19 Feb 2016 12:21:22 GMT" time="27.942" errors="0">
  <testcase name="addOrionServer" time="27.942" classname="Automation_framework.EOC_Add_Solarwinds_Server"/>
</testsuite> <!-- Automation_framework.EOC_Add_Solarwinds_Server -->
